2021-11-10 23:34:03 INFO  WebDriverManager:632 - Using chromedriver 95.0.4638.69 (resolved driver for Chrome 95)
2021-11-10 23:34:03 INFO  WebDriverManager:689 - Exporting webdriver.chrome.driver as C:\Users\mukul\.cache\selenium\chromedriver\win32\95.0.4638.69\chromedriver.exe
2021-11-10 23:34:05 INFO  DriverFactory:83 - Driver for Chrome initialized.
2021-11-10 23:34:08 INFO  ProtonTest:40 - URL is entered in broswer
2021-11-10 23:34:08 INFO  ProtonTest:45 - submitForm() test started
2021-11-10 23:34:23 INFO  ProtonTest:52 - submitForm() test completed
2021-11-10 23:34:26 INFO  ProtonTest:45 - submitForm() test started
2021-11-10 23:34:38 INFO  ProtonTest:52 - submitForm() test completed
2021-11-10 23:34:40 INFO  ProtonTest:45 - submitForm() test started
2021-11-10 23:34:52 INFO  ProtonTest:52 - submitForm() test completed
2021-12-06 21:30:56 INFO  WebDriverManager:632 - Using chromedriver 96.0.4664.45 (resolved driver for Chrome 96)
2021-12-06 21:30:57 INFO  WebDriverManager:962 - Reading https://chromedriver.storage.googleapis.com/ to seek chromedriver
2021-12-06 21:30:57 INFO  Downloader:128 - Downloading https://chromedriver.storage.googleapis.com/96.0.4664.45/chromedriver_win32.zip
2021-12-06 21:30:59 INFO  Downloader:185 - Extracting driver from compressed file chromedriver_win32.zip
2021-12-06 21:31:01 INFO  WebDriverManager:689 - Exporting webdriver.chrome.driver as C:\Users\mukul\.cache\selenium\chromedriver\win32\96.0.4664.45\chromedriver.exe
2021-12-06 21:31:09 INFO  DriverFactory:83 - Driver for Chrome initialized.
2021-12-06 21:31:14 INFO  ProtonTest:40 - URL is entered in broswer
2021-12-06 21:31:14 INFO  ProtonTest:45 - submitForm() test started
2021-12-06 21:31:31 INFO  ProtonTest:52 - submitForm() test completed
2021-12-06 21:32:21 INFO  WebDriverManager:632 - Using chromedriver 96.0.4664.45 (resolved driver for Chrome 96)
2021-12-06 21:32:21 INFO  WebDriverManager:689 - Exporting webdriver.chrome.driver as C:\Users\mukul\.cache\selenium\chromedriver\win32\96.0.4664.45\chromedriver.exe
2021-12-06 21:32:23 INFO  DriverFactory:83 - Driver for Chrome initialized.
2021-12-06 21:32:27 INFO  ProtonTest:40 - URL is entered in broswer
2021-12-06 21:32:27 INFO  ProtonTest:45 - submitForm() test started
2021-12-06 21:32:44 INFO  ProtonTest:52 - submitForm() test completed
2021-12-11 13:15:29 INFO  WebDriverManager:632 - Using chromedriver 96.0.4664.45 (resolved driver for Chrome 96)
2021-12-11 13:15:29 INFO  WebDriverManager:689 - Exporting webdriver.chrome.driver as C:\Users\mukul\.cache\selenium\chromedriver\win32\96.0.4664.45\chromedriver.exe
2021-12-11 13:15:34 INFO  DriverFactory:83 - Driver for Chrome initialized.
2021-12-11 13:15:38 INFO  ProtonTest:43 - URL is entered in broswer
2021-12-11 13:15:38 INFO  ProtonTest:48 - submitForm() test started
2021-12-11 13:16:17 INFO  WebDriverManager:632 - Using chromedriver 96.0.4664.45 (resolved driver for Chrome 96)
2021-12-11 13:16:17 INFO  WebDriverManager:689 - Exporting webdriver.chrome.driver as C:\Users\mukul\.cache\selenium\chromedriver\win32\96.0.4664.45\chromedriver.exe
2021-12-11 13:16:20 INFO  DriverFactory:83 - Driver for Chrome initialized.
2021-12-11 13:16:24 INFO  ProtonTest:43 - URL is entered in broswer
2021-12-11 13:16:24 INFO  ProtonTest:48 - submitForm() test started
2021-12-11 13:22:33 INFO  WebDriverManager:632 - Using chromedriver 96.0.4664.45 (resolved driver for Chrome 96)
2021-12-11 13:22:33 INFO  WebDriverManager:689 - Exporting webdriver.chrome.driver as C:\Users\mukul\.cache\selenium\chromedriver\win32\96.0.4664.45\chromedriver.exe
2021-12-11 13:22:35 INFO  DriverFactory:83 - Driver for Chrome initialized.
2021-12-11 13:22:38 INFO  ProtonTest:43 - URL is entered in broswer
2021-12-11 13:22:38 INFO  ProtonTest:48 - submitForm() test started
2021-12-11 13:24:44 INFO  WebDriverManager:632 - Using chromedriver 96.0.4664.45 (resolved driver for Chrome 96)
2021-12-11 13:24:44 INFO  WebDriverManager:689 - Exporting webdriver.chrome.driver as C:\Users\mukul\.cache\selenium\chromedriver\win32\96.0.4664.45\chromedriver.exe
2021-12-11 13:24:46 INFO  DriverFactory:83 - Driver for Chrome initialized.
2021-12-11 13:24:50 INFO  ProtonTest:43 - URL is entered in broswer
2021-12-11 13:24:50 INFO  ProtonTest:48 - submitForm() test started
2021-12-11 13:25:41 INFO  WebDriverManager:632 - Using chromedriver 96.0.4664.45 (resolved driver for Chrome 96)
2021-12-11 13:25:41 INFO  WebDriverManager:689 - Exporting webdriver.chrome.driver as C:\Users\mukul\.cache\selenium\chromedriver\win32\96.0.4664.45\chromedriver.exe
2021-12-11 13:25:43 INFO  DriverFactory:83 - Driver for Chrome initialized.
2021-12-11 13:25:47 INFO  ProtonTest:43 - URL is entered in broswer
2021-12-11 13:25:47 INFO  ProtonTest:48 - submitForm() test started
2021-12-11 13:29:06 INFO  WebDriverManager:632 - Using chromedriver 96.0.4664.45 (resolved driver for Chrome 96)
2021-12-11 13:29:06 INFO  WebDriverManager:689 - Exporting webdriver.chrome.driver as C:\Users\mukul\.cache\selenium\chromedriver\win32\96.0.4664.45\chromedriver.exe
2021-12-11 13:29:07 INFO  DriverFactory:83 - Driver for Chrome initialized.
2021-12-11 13:29:12 INFO  ProtonTest:43 - URL is entered in broswer
2021-12-11 13:29:12 INFO  ProtonTest:48 - submitForm() test started
2021-12-11 13:37:12 INFO  WebDriverManager:632 - Using chromedriver 96.0.4664.45 (resolved driver for Chrome 96)
2021-12-11 13:37:12 INFO  WebDriverManager:689 - Exporting webdriver.chrome.driver as C:\Users\mukul\.cache\selenium\chromedriver\win32\96.0.4664.45\chromedriver.exe
2021-12-11 13:37:14 INFO  DriverFactory:83 - Driver for Chrome initialized.
2021-12-11 13:37:18 INFO  ProtonTest:43 - URL is entered in broswer
2021-12-11 13:37:18 INFO  ProtonTest:48 - submitForm() test started
2021-12-11 13:39:15 INFO  WebDriverManager:632 - Using chromedriver 96.0.4664.45 (resolved driver for Chrome 96)
2021-12-11 13:39:15 INFO  WebDriverManager:689 - Exporting webdriver.chrome.driver as C:\Users\mukul\.cache\selenium\chromedriver\win32\96.0.4664.45\chromedriver.exe
2021-12-11 13:39:16 INFO  DriverFactory:83 - Driver for Chrome initialized.
2021-12-11 13:39:20 INFO  ProtonTest:43 - URL is entered in broswer
2021-12-11 13:39:20 INFO  ProtonTest:48 - submitForm() test started
2021-12-11 13:42:44 INFO  WebDriverManager:632 - Using chromedriver 96.0.4664.45 (resolved driver for Chrome 96)
2021-12-11 13:42:44 INFO  WebDriverManager:689 - Exporting webdriver.chrome.driver as C:\Users\mukul\.cache\selenium\chromedriver\win32\96.0.4664.45\chromedriver.exe
2021-12-11 13:42:45 INFO  DriverFactory:83 - Driver for Chrome initialized.
2021-12-11 13:42:49 INFO  ProtonTest:43 - URL is entered in broswer
2021-12-11 13:42:49 INFO  ProtonTest:48 - submitForm() test started
2021-12-11 13:46:58 INFO  WebDriverManager:632 - Using chromedriver 96.0.4664.45 (resolved driver for Chrome 96)
2021-12-11 13:46:58 INFO  WebDriverManager:689 - Exporting webdriver.chrome.driver as C:\Users\mukul\.cache\selenium\chromedriver\win32\96.0.4664.45\chromedriver.exe
2021-12-11 13:46:59 INFO  DriverFactory:83 - Driver for Chrome initialized.
2021-12-11 13:47:04 INFO  ProtonTest:43 - URL is entered in broswer
2021-12-11 13:47:04 INFO  ProtonTest:48 - submitForm() test started
2021-12-11 13:47:18 INFO  ProtonTest:55 - submitForm() 1 test completed
2021-12-11 13:47:21 INFO  ProtonTest:48 - submitForm() test started
2021-12-11 13:47:33 INFO  ProtonTest:55 - submitForm() 2 test completed
2021-12-11 13:47:35 INFO  ProtonTest:48 - submitForm() test started
2021-12-11 13:47:46 INFO  ProtonTest:55 - submitForm() 3 test completed
2021-12-11 13:47:49 INFO  ProtonTest:48 - submitForm() test started
2021-12-11 13:52:39 INFO  WebDriverManager:632 - Using chromedriver 96.0.4664.45 (resolved driver for Chrome 96)
2021-12-11 13:52:39 INFO  WebDriverManager:689 - Exporting webdriver.chrome.driver as C:\Users\mukul\.cache\selenium\chromedriver\win32\96.0.4664.45\chromedriver.exe
2021-12-11 13:52:40 INFO  DriverFactory:83 - Driver for Chrome initialized.
2021-12-11 13:52:44 INFO  ProtonTest:43 - URL is entered in broswer
2021-12-11 13:52:44 INFO  ProtonTest:48 - submitForm() 4 test started
2021-12-11 13:54:07 INFO  WebDriverManager:632 - Using chromedriver 96.0.4664.45 (resolved driver for Chrome 96)
2021-12-11 13:54:07 INFO  WebDriverManager:689 - Exporting webdriver.chrome.driver as C:\Users\mukul\.cache\selenium\chromedriver\win32\96.0.4664.45\chromedriver.exe
2021-12-11 13:54:08 INFO  DriverFactory:83 - Driver for Chrome initialized.
2021-12-11 13:54:12 INFO  ProtonTest:43 - URL is entered in broswer
2021-12-11 13:54:12 INFO  ProtonTest:48 - submitForm() 1 test started
2021-12-11 13:54:27 INFO  ProtonTest:55 - submitForm() 1 test completed
2021-12-11 13:54:30 INFO  ProtonTest:48 - submitForm() 2 test started
2021-12-11 13:54:43 INFO  ProtonTest:55 - submitForm() 2 test completed
2021-12-11 13:54:45 INFO  ProtonTest:48 - submitForm() 3 test started
2021-12-11 13:54:56 INFO  ProtonTest:55 - submitForm() 3 test completed
2021-12-11 18:02:53 INFO  WebDriverManager:632 - Using chromedriver 96.0.4664.45 (resolved driver for Chrome 96)
2021-12-11 18:02:53 INFO  WebDriverManager:689 - Exporting webdriver.chrome.driver as C:\Users\mukul\.cache\selenium\chromedriver\win32\96.0.4664.45\chromedriver.exe
2021-12-11 18:02:54 INFO  DriverFactory:83 - Driver for Chrome initialized.
2021-12-11 18:02:58 INFO  ProtonTest2:41 - URL is entered in broswer
2021-12-11 18:02:58 INFO  ProtonTest2:46 - submitForm() 1 test started
2021-12-11 18:05:58 INFO  WebDriverManager:632 - Using chromedriver 96.0.4664.45 (resolved driver for Chrome 96)
2021-12-11 18:05:58 INFO  WebDriverManager:689 - Exporting webdriver.chrome.driver as C:\Users\mukul\.cache\selenium\chromedriver\win32\96.0.4664.45\chromedriver.exe
2021-12-11 18:05:59 INFO  DriverFactory:83 - Driver for Chrome initialized.
2021-12-11 18:06:24 INFO  ProtonTest2:41 - URL is entered in broswer
2021-12-11 18:06:24 INFO  ProtonTest2:46 - submitForm() 1 test started
2021-12-11 18:15:21 INFO  WebDriverManager:632 - Using chromedriver 96.0.4664.45 (resolved driver for Chrome 96)
2021-12-11 18:15:21 INFO  WebDriverManager:689 - Exporting webdriver.chrome.driver as C:\Users\mukul\.cache\selenium\chromedriver\win32\96.0.4664.45\chromedriver.exe
2021-12-11 18:15:23 INFO  DriverFactory:83 - Driver for Chrome initialized.
2021-12-11 18:15:26 INFO  ProtonTest2:41 - URL is entered in broswer
2021-12-11 18:15:26 INFO  ProtonTest2:46 - submitForm() 1 test started
2021-12-11 18:19:05 INFO  WebDriverManager:632 - Using chromedriver 96.0.4664.45 (resolved driver for Chrome 96)
2021-12-11 18:19:05 INFO  WebDriverManager:689 - Exporting webdriver.chrome.driver as C:\Users\mukul\.cache\selenium\chromedriver\win32\96.0.4664.45\chromedriver.exe
2021-12-11 18:19:08 INFO  DriverFactory:83 - Driver for Chrome initialized.
2021-12-11 18:19:11 INFO  ProtonTest2:41 - URL is entered in broswer
2021-12-11 18:19:11 INFO  ProtonTest2:46 - submitForm() 1 test started
2021-12-11 18:20:59 INFO  WebDriverManager:632 - Using chromedriver 96.0.4664.45 (resolved driver for Chrome 96)
2021-12-11 18:20:59 INFO  WebDriverManager:689 - Exporting webdriver.chrome.driver as C:\Users\mukul\.cache\selenium\chromedriver\win32\96.0.4664.45\chromedriver.exe
2021-12-11 18:21:01 INFO  DriverFactory:83 - Driver for Chrome initialized.
2021-12-11 18:21:04 INFO  ProtonTest2:41 - URL is entered in broswer
2021-12-11 18:21:04 INFO  ProtonTest2:46 - submitForm() 1 test started
2021-12-11 18:24:19 INFO  WebDriverManager:632 - Using chromedriver 96.0.4664.45 (resolved driver for Chrome 96)
2021-12-11 18:24:19 INFO  WebDriverManager:689 - Exporting webdriver.chrome.driver as C:\Users\mukul\.cache\selenium\chromedriver\win32\96.0.4664.45\chromedriver.exe
2021-12-11 18:24:21 INFO  DriverFactory:83 - Driver for Chrome initialized.
2021-12-11 18:24:24 INFO  ProtonTest2:41 - URL is entered in broswer
2021-12-11 18:24:24 INFO  ProtonTest2:46 - submitForm() 1 test started
2021-12-11 18:25:15 INFO  ProtonTest2:46 - submitForm() 2 test started
2021-12-11 18:26:03 INFO  ProtonTest2:46 - submitForm() 3 test started
2021-12-11 18:52:58 INFO  WebDriverManager:632 - Using chromedriver 96.0.4664.45 (resolved driver for Chrome 96)
2021-12-11 18:52:58 INFO  WebDriverManager:689 - Exporting webdriver.chrome.driver as C:\Users\mukul\.cache\selenium\chromedriver\win32\96.0.4664.45\chromedriver.exe
2021-12-11 18:53:00 INFO  DriverFactory:83 - Driver for Chrome initialized.
2021-12-11 18:53:04 INFO  ProtonTest2:41 - URL is entered in broswer
2021-12-11 18:53:04 INFO  ProtonTest2:46 - submitForm() 1 test started
2021-12-11 18:54:02 INFO  ProtonTest2:48 - submitForm() 1 test completed
2021-12-11 18:54:02 INFO  ProtonTest2:46 - submitForm() 2 test started
2021-12-11 18:54:50 INFO  ProtonTest2:48 - submitForm() 2 test completed
2021-12-11 18:54:50 INFO  ProtonTest2:46 - submitForm() 3 test started
2021-12-11 18:55:39 INFO  ProtonTest2:48 - submitForm() 3 test completed
2021-12-11 18:59:07 INFO  WebDriverManager:632 - Using chromedriver 96.0.4664.45 (resolved driver for Chrome 96)
2021-12-11 18:59:07 INFO  WebDriverManager:689 - Exporting webdriver.chrome.driver as C:\Users\mukul\.cache\selenium\chromedriver\win32\96.0.4664.45\chromedriver.exe
2021-12-11 18:59:08 INFO  DriverFactory:83 - Driver for Chrome initialized.
2021-12-11 18:59:13 INFO  ProtonTest2:41 - URL is entered in broswer
2021-12-11 18:59:13 INFO  ProtonTest2:46 - submitForm() 1 test started
2021-12-11 18:59:15 INFO  ProtonTest2:46 - submitForm() 2 test started
2021-12-11 18:59:52 INFO  WebDriverManager:632 - Using chromedriver 96.0.4664.45 (resolved driver for Chrome 96)
2021-12-11 18:59:52 INFO  WebDriverManager:689 - Exporting webdriver.chrome.driver as C:\Users\mukul\.cache\selenium\chromedriver\win32\96.0.4664.45\chromedriver.exe
2021-12-11 18:59:53 INFO  DriverFactory:83 - Driver for Chrome initialized.
2021-12-11 18:59:53 INFO  ProtonTest2:44 - submitForm() 1 test started
2021-12-11 19:00:00 INFO  ProtonTest2:44 - submitForm() 2 test started
2021-12-11 19:00:55 INFO  ProtonTest2:46 - submitForm() 2 test completed
2021-12-11 19:00:55 INFO  ProtonTest2:44 - submitForm() 3 test started
2021-12-11 19:01:43 INFO  ProtonTest2:46 - submitForm() 3 test completed
2021-12-11 19:02:14 INFO  WebDriverManager:632 - Using chromedriver 96.0.4664.45 (resolved driver for Chrome 96)
2021-12-11 19:02:14 INFO  WebDriverManager:689 - Exporting webdriver.chrome.driver as C:\Users\mukul\.cache\selenium\chromedriver\win32\96.0.4664.45\chromedriver.exe
2021-12-11 19:02:16 INFO  DriverFactory:83 - Driver for Chrome initialized.
2021-12-11 19:02:16 INFO  ProtonTest2:44 - submitForm() 1 test started
2021-12-11 19:02:21 INFO  ProtonTest2:44 - submitForm() 2 test started
2021-12-11 19:06:46 INFO  WebDriverManager:632 - Using chromedriver 96.0.4664.45 (resolved driver for Chrome 96)
2021-12-11 19:06:46 INFO  WebDriverManager:689 - Exporting webdriver.chrome.driver as C:\Users\mukul\.cache\selenium\chromedriver\win32\96.0.4664.45\chromedriver.exe
2021-12-11 19:06:47 INFO  DriverFactory:83 - Driver for Chrome initialized.
2021-12-11 19:06:47 INFO  ProtonTest2:41 - submitForm() 1 test started
2021-12-11 19:06:58 INFO  ProtonTest2:41 - submitForm() 2 test started
2021-12-11 19:06:58 INFO  ProtonTest2:41 - submitForm() 3 test started
2021-12-11 19:08:12 INFO  WebDriverManager:632 - Using chromedriver 96.0.4664.45 (resolved driver for Chrome 96)
2021-12-11 19:08:12 INFO  WebDriverManager:689 - Exporting webdriver.chrome.driver as C:\Users\mukul\.cache\selenium\chromedriver\win32\96.0.4664.45\chromedriver.exe
2021-12-11 19:08:13 INFO  DriverFactory:83 - Driver for Chrome initialized.
2021-12-11 19:08:13 INFO  ProtonTest2:41 - submitForm() 1 test started
2021-12-11 19:08:19 INFO  ProtonTest2:41 - submitForm() 2 test started
2021-12-11 19:08:19 INFO  ProtonTest2:41 - submitForm() 3 test started
2021-12-11 19:11:34 INFO  WebDriverManager:632 - Using chromedriver 96.0.4664.45 (resolved driver for Chrome 96)
2021-12-11 19:11:34 INFO  WebDriverManager:689 - Exporting webdriver.chrome.driver as C:\Users\mukul\.cache\selenium\chromedriver\win32\96.0.4664.45\chromedriver.exe
2021-12-11 19:11:36 INFO  DriverFactory:83 - Driver for Chrome initialized.
2021-12-11 19:11:36 INFO  ProtonTest2:41 - submitForm() 1 test started
2021-12-11 19:12:23 INFO  WebDriverManager:632 - Using chromedriver 96.0.4664.45 (resolved driver for Chrome 96)
2021-12-11 19:12:23 INFO  WebDriverManager:689 - Exporting webdriver.chrome.driver as C:\Users\mukul\.cache\selenium\chromedriver\win32\96.0.4664.45\chromedriver.exe
2021-12-11 19:12:25 INFO  DriverFactory:83 - Driver for Chrome initialized.
2021-12-11 19:12:25 INFO  ProtonTest2:41 - submitForm() 1 test started
2021-12-11 19:13:38 INFO  WebDriverManager:632 - Using chromedriver 96.0.4664.45 (resolved driver for Chrome 96)
2021-12-11 19:13:38 INFO  WebDriverManager:689 - Exporting webdriver.chrome.driver as C:\Users\mukul\.cache\selenium\chromedriver\win32\96.0.4664.45\chromedriver.exe
2021-12-11 19:13:40 INFO  DriverFactory:83 - Driver for Chrome initialized.
2021-12-11 19:13:40 INFO  ProtonTest2:41 - submitForm() 1 test started
2021-12-11 19:13:45 INFO  ProtonTest2:41 - submitForm() 2 test started
2021-12-11 19:14:13 INFO  WebDriverManager:632 - Using chromedriver 96.0.4664.45 (resolved driver for Chrome 96)
2021-12-11 19:14:13 INFO  WebDriverManager:689 - Exporting webdriver.chrome.driver as C:\Users\mukul\.cache\selenium\chromedriver\win32\96.0.4664.45\chromedriver.exe
2021-12-11 19:14:15 INFO  DriverFactory:83 - Driver for Chrome initialized.
2021-12-11 19:14:15 INFO  ProtonTest2:41 - submitForm() 1 test started
2021-12-11 19:14:22 INFO  ProtonTest2:41 - submitForm() 2 test started
2021-12-11 19:17:53 INFO  WebDriverManager:632 - Using chromedriver 96.0.4664.45 (resolved driver for Chrome 96)
2021-12-11 19:17:53 INFO  WebDriverManager:689 - Exporting webdriver.chrome.driver as C:\Users\mukul\.cache\selenium\chromedriver\win32\96.0.4664.45\chromedriver.exe
2021-12-11 19:17:55 INFO  DriverFactory:83 - Driver for Chrome initialized.
2021-12-11 19:17:55 INFO  ProtonTest2:41 - submitForm() 1 test started
2021-12-11 19:18:01 INFO  ProtonTest2:41 - submitForm() 2 test started
2021-12-11 19:18:50 INFO  ProtonTest2:43 - submitForm() 2 test completed
2021-12-11 19:18:50 INFO  ProtonTest2:41 - submitForm() 3 test started
2021-12-11 19:19:37 INFO  ProtonTest2:43 - submitForm() 3 test completed
2021-12-11 19:21:17 INFO  WebDriverManager:632 - Using chromedriver 96.0.4664.45 (resolved driver for Chrome 96)
2021-12-11 19:21:17 INFO  WebDriverManager:689 - Exporting webdriver.chrome.driver as C:\Users\mukul\.cache\selenium\chromedriver\win32\96.0.4664.45\chromedriver.exe
2021-12-11 19:21:18 INFO  DriverFactory:83 - Driver for Chrome initialized.
2021-12-11 19:21:22 INFO  ProtonTest:41 - URL is entered in broswer
2021-12-11 19:21:22 INFO  ProtonTest:46 - submitForm() 1 test started
2021-12-11 19:21:36 INFO  ProtonTest:53 - submitForm() 1 test completed
2021-12-11 19:21:38 INFO  ProtonTest:46 - submitForm() 2 test started
2021-12-11 19:21:50 INFO  WebDriverManager:632 - Using chromedriver 96.0.4664.45 (resolved driver for Chrome 96)
2021-12-11 19:21:50 INFO  WebDriverManager:689 - Exporting webdriver.chrome.driver as C:\Users\mukul\.cache\selenium\chromedriver\win32\96.0.4664.45\chromedriver.exe
2021-12-11 19:21:52 INFO  DriverFactory:83 - Driver for Chrome initialized.
2021-12-11 19:21:52 INFO  ProtonTest2:41 - submitForm() 1 test started
2021-12-11 19:21:58 INFO  ProtonTest2:41 - submitForm() 2 test started
2021-12-11 19:22:49 INFO  ProtonTest2:43 - submitForm() 2 test completed
2021-12-11 19:22:49 INFO  ProtonTest2:41 - submitForm() 3 test started
2021-12-11 19:23:36 INFO  ProtonTest2:43 - submitForm() 3 test completed
2021-12-11 19:24:43 INFO  WebDriverManager:632 - Using chromedriver 96.0.4664.45 (resolved driver for Chrome 96)
2021-12-11 19:24:43 INFO  WebDriverManager:689 - Exporting webdriver.chrome.driver as C:\Users\mukul\.cache\selenium\chromedriver\win32\96.0.4664.45\chromedriver.exe
2021-12-11 19:24:44 INFO  DriverFactory:83 - Driver for Chrome initialized.
2021-12-11 19:24:45 INFO  ProtonTest2:41 - submitForm() 1 test started
2021-12-11 19:24:49 INFO  ProtonTest2:41 - submitForm() 2 test started
2021-12-11 19:28:27 INFO  WebDriverManager:632 - Using chromedriver 96.0.4664.45 (resolved driver for Chrome 96)
2021-12-11 19:28:27 INFO  WebDriverManager:689 - Exporting webdriver.chrome.driver as C:\Users\mukul\.cache\selenium\chromedriver\win32\96.0.4664.45\chromedriver.exe
2021-12-11 19:28:32 INFO  DriverFactory:83 - Driver for Chrome initialized.
2021-12-11 19:28:32 INFO  ProtonTest2:41 - submitForm() 1 test started
2021-12-11 19:28:37 INFO  ProtonTest2:41 - submitForm() 2 test started
2021-12-11 19:31:49 INFO  WebDriverManager:632 - Using chromedriver 96.0.4664.45 (resolved driver for Chrome 96)
2021-12-11 19:31:49 INFO  WebDriverManager:689 - Exporting webdriver.chrome.driver as C:\Users\mukul\.cache\selenium\chromedriver\win32\96.0.4664.45\chromedriver.exe
2021-12-11 19:31:51 INFO  DriverFactory:83 - Driver for Chrome initialized.
2021-12-11 19:31:51 INFO  ProtonTest2:41 - submitForm() 1 test started
2021-12-11 19:31:57 INFO  ProtonTest2:41 - submitForm() 2 test started
2021-12-11 19:35:02 INFO  WebDriverManager:632 - Using chromedriver 96.0.4664.45 (resolved driver for Chrome 96)
2021-12-11 19:35:02 INFO  WebDriverManager:689 - Exporting webdriver.chrome.driver as C:\Users\mukul\.cache\selenium\chromedriver\win32\96.0.4664.45\chromedriver.exe
2021-12-11 19:35:04 INFO  DriverFactory:83 - Driver for Chrome initialized.
2021-12-11 19:35:04 INFO  ProtonTest2:41 - submitForm() 1 test started
2021-12-11 19:35:10 INFO  ProtonTest2:41 - submitForm() 2 test started
2021-12-11 19:36:38 INFO  WebDriverManager:632 - Using chromedriver 96.0.4664.45 (resolved driver for Chrome 96)
2021-12-11 19:36:38 INFO  WebDriverManager:689 - Exporting webdriver.chrome.driver as C:\Users\mukul\.cache\selenium\chromedriver\win32\96.0.4664.45\chromedriver.exe
2021-12-11 19:36:40 INFO  DriverFactory:83 - Driver for Chrome initialized.
2021-12-11 19:36:40 INFO  ProtonTest2:41 - submitForm() 1 test started
2021-12-11 19:37:34 INFO  ProtonTest2:43 - submitForm() 1 test completed
2021-12-11 19:37:34 INFO  ProtonTest2:41 - submitForm() 2 test started
2021-12-11 19:38:22 INFO  ProtonTest2:43 - submitForm() 2 test completed
2021-12-11 19:38:22 INFO  ProtonTest2:41 - submitForm() 3 test started
2021-12-11 19:39:10 INFO  ProtonTest2:43 - submitForm() 3 test completed
2021-12-11 19:41:11 INFO  WebDriverManager:632 - Using chromedriver 96.0.4664.45 (resolved driver for Chrome 96)
2021-12-11 19:41:11 INFO  WebDriverManager:689 - Exporting webdriver.chrome.driver as C:\Users\mukul\.cache\selenium\chromedriver\win32\96.0.4664.45\chromedriver.exe
2021-12-11 19:41:12 INFO  DriverFactory:83 - Driver for Chrome initialized.
2021-12-11 19:41:13 INFO  ProtonTest2:41 - submitForm() 1 test started
2021-12-11 19:42:07 INFO  ProtonTest2:43 - submitForm() 1 test completed
2021-12-11 19:42:07 INFO  ProtonTest2:41 - submitForm() 2 test started
2021-12-11 19:42:55 INFO  ProtonTest2:43 - submitForm() 2 test completed
2021-12-11 19:42:55 INFO  ProtonTest2:41 - submitForm() 3 test started
2021-12-11 19:43:43 INFO  ProtonTest2:43 - submitForm() 3 test completed
2021-12-11 22:04:56 INFO  WebDriverManager:632 - Using chromedriver 96.0.4664.45 (resolved driver for Chrome 96)
2021-12-11 22:04:56 INFO  WebDriverManager:689 - Exporting webdriver.chrome.driver as C:\Users\mukul\.cache\selenium\chromedriver\win32\96.0.4664.45\chromedriver.exe
2021-12-11 22:04:58 INFO  DriverFactory:83 - Driver for Chrome initialized.
2021-12-11 22:08:55 INFO  WebDriverManager:632 - Using chromedriver 96.0.4664.45 (resolved driver for Chrome 96)
2021-12-11 22:08:55 INFO  WebDriverManager:689 - Exporting webdriver.chrome.driver as C:\Users\mukul\.cache\selenium\chromedriver\win32\96.0.4664.45\chromedriver.exe
2021-12-11 22:08:56 INFO  DriverFactory:83 - Driver for Chrome initialized.
2021-12-11 22:09:35 INFO  WebDriverManager:632 - Using chromedriver 96.0.4664.45 (resolved driver for Chrome 96)
2021-12-11 22:09:35 INFO  WebDriverManager:689 - Exporting webdriver.chrome.driver as C:\Users\mukul\.cache\selenium\chromedriver\win32\96.0.4664.45\chromedriver.exe
2021-12-11 22:09:36 INFO  DriverFactory:83 - Driver for Chrome initialized.
2021-12-11 22:10:38 INFO  WebDriverManager:632 - Using chromedriver 96.0.4664.45 (resolved driver for Chrome 96)
2021-12-11 22:10:38 INFO  WebDriverManager:689 - Exporting webdriver.chrome.driver as C:\Users\mukul\.cache\selenium\chromedriver\win32\96.0.4664.45\chromedriver.exe
2021-12-11 22:10:40 INFO  DriverFactory:83 - Driver for Chrome initialized.
2021-12-11 22:38:56 INFO  WebDriverManager:632 - Using chromedriver 96.0.4664.45 (resolved driver for Chrome 96)
2021-12-11 22:38:56 INFO  WebDriverManager:689 - Exporting webdriver.chrome.driver as C:\Users\mukul\.cache\selenium\chromedriver\win32\96.0.4664.45\chromedriver.exe
2021-12-11 22:38:58 INFO  DriverFactory:83 - Driver for Chrome initialized.
2021-12-11 22:38:59 INFO  ProtonTest:42 - submitForm() 1 test started
2021-12-11 22:39:48 INFO  ProtonTest:42 - submitForm() 2 test started
2021-12-11 22:40:15 INFO  ProtonTest:42 - submitForm() 3 test started
2021-12-12 00:36:29 INFO  WebDriverManager:632 - Using chromedriver 96.0.4664.45 (resolved driver for Chrome 96)
2021-12-12 00:36:29 INFO  WebDriverManager:689 - Exporting webdriver.chrome.driver as C:\Users\mukul\.cache\selenium\chromedriver\win32\96.0.4664.45\chromedriver.exe
2021-12-12 00:36:31 INFO  DriverFactory:83 - Driver for Chrome initialized.
2021-12-12 00:36:32 INFO  ProtonTest:42 - submitForm() 1 test started
2021-12-12 00:50:25 INFO  WebDriverManager:632 - Using chromedriver 96.0.4664.45 (resolved driver for Chrome 96)
2021-12-12 00:50:25 INFO  WebDriverManager:689 - Exporting webdriver.chrome.driver as C:\Users\mukul\.cache\selenium\chromedriver\win32\96.0.4664.45\chromedriver.exe
2021-12-12 00:50:27 INFO  DriverFactory:83 - Driver for Chrome initialized.
2021-12-12 00:50:27 INFO  ProtonTest:42 - submitForm() 1 test started
2021-12-12 01:15:32 INFO  WebDriverManager:632 - Using chromedriver 96.0.4664.45 (resolved driver for Chrome 96)
2021-12-12 01:15:32 INFO  WebDriverManager:689 - Exporting webdriver.chrome.driver as C:\Users\mukul\.cache\selenium\chromedriver\win32\96.0.4664.45\chromedriver.exe
2021-12-12 01:15:33 INFO  DriverFactory:83 - Driver for Chrome initialized.
2021-12-12 01:15:34 INFO  ProtonTest:42 - submitForm() 1 test started
2021-12-12 01:16:29 INFO  ProtonTest:42 - submitForm() 2 test started
2021-12-12 01:16:56 INFO  ProtonTest:42 - submitForm() 3 test started
2021-12-12 01:55:31 INFO  WebDriverManager:632 - Using chromedriver 96.0.4664.45 (resolved driver for Chrome 96)
2021-12-12 01:55:31 INFO  WebDriverManager:689 - Exporting webdriver.chrome.driver as C:\Users\mukul\.cache\selenium\chromedriver\win32\96.0.4664.45\chromedriver.exe
2021-12-12 01:55:32 INFO  DriverFactory:83 - Driver for Chrome initialized.
2021-12-12 01:55:32 INFO  ProtonTest:40 - submitForm() 0 test started
2021-12-12 01:55:33 INFO  ProtonTest:40 - submitForm() 1 test started
2021-12-12 01:55:33 INFO  ProtonTest:40 - submitForm() 2 test started
2021-12-12 01:59:53 INFO  WebDriverManager:632 - Using chromedriver 96.0.4664.45 (resolved driver for Chrome 96)
2021-12-12 01:59:53 INFO  WebDriverManager:689 - Exporting webdriver.chrome.driver as C:\Users\mukul\.cache\selenium\chromedriver\win32\96.0.4664.45\chromedriver.exe
2021-12-12 01:59:55 INFO  DriverFactory:83 - Driver for Chrome initialized.
2021-12-12 01:59:55 INFO  ProtonTest:40 - submitForm() 0 test started
2021-12-12 01:59:56 INFO  ProtonTest:40 - submitForm() 1 test started
2021-12-12 01:59:56 INFO  ProtonTest:40 - submitForm() 2 test started
2021-12-12 02:01:11 INFO  WebDriverManager:632 - Using chromedriver 96.0.4664.45 (resolved driver for Chrome 96)
2021-12-12 02:01:11 INFO  WebDriverManager:689 - Exporting webdriver.chrome.driver as C:\Users\mukul\.cache\selenium\chromedriver\win32\96.0.4664.45\chromedriver.exe
2021-12-12 02:01:13 INFO  DriverFactory:83 - Driver for Chrome initialized.
2021-12-12 02:01:13 INFO  ProtonTest:40 - submitForm() 0 test started
2021-12-12 02:02:17 INFO  ProtonTest:42 - submitForm() 0 test completed
2021-12-12 02:02:17 INFO  ProtonTest:40 - submitForm() 1 test started
2021-12-12 02:02:45 INFO  ProtonTest:40 - submitForm() 2 test started
2021-12-12 02:03:50 INFO  WebDriverManager:632 - Using chromedriver 96.0.4664.45 (resolved driver for Chrome 96)
2021-12-12 02:03:50 INFO  WebDriverManager:689 - Exporting webdriver.chrome.driver as C:\Users\mukul\.cache\selenium\chromedriver\win32\96.0.4664.45\chromedriver.exe
2021-12-12 02:03:51 INFO  DriverFactory:83 - Driver for Chrome initialized.
2021-12-12 02:03:52 INFO  ProtonTest:40 - submitForm() 0 test started
2021-12-12 02:04:56 INFO  ProtonTest:42 - submitForm() 0 test completed
2021-12-12 02:04:57 INFO  ProtonTest:40 - submitForm() 1 test started
2021-12-12 02:17:25 INFO  WebDriverManager:632 - Using chromedriver 96.0.4664.45 (resolved driver for Chrome 96)
2021-12-12 02:17:25 INFO  WebDriverManager:689 - Exporting webdriver.chrome.driver as C:\Users\mukul\.cache\selenium\chromedriver\win32\96.0.4664.45\chromedriver.exe
2021-12-12 02:17:27 INFO  DriverFactory:83 - Driver for Chrome initialized.
2021-12-12 02:17:28 INFO  ProtonTest:40 - submitForm() 0 test started
2021-12-12 02:17:41 INFO  ProtonTest:40 - submitForm() 1 test started
2021-12-12 02:18:19 INFO  WebDriverManager:632 - Using chromedriver 96.0.4664.45 (resolved driver for Chrome 96)
2021-12-12 02:18:19 INFO  WebDriverManager:689 - Exporting webdriver.chrome.driver as C:\Users\mukul\.cache\selenium\chromedriver\win32\96.0.4664.45\chromedriver.exe
2021-12-12 02:18:21 INFO  DriverFactory:83 - Driver for Chrome initialized.
2021-12-12 02:18:22 INFO  ProtonTest:40 - submitForm() 0 test started
2021-12-12 02:18:34 INFO  ProtonTest:40 - submitForm() 1 test started
2021-12-12 02:20:49 INFO  WebDriverManager:632 - Using chromedriver 96.0.4664.45 (resolved driver for Chrome 96)
2021-12-12 02:20:49 INFO  WebDriverManager:689 - Exporting webdriver.chrome.driver as C:\Users\mukul\.cache\selenium\chromedriver\win32\96.0.4664.45\chromedriver.exe
2021-12-12 02:20:51 INFO  DriverFactory:83 - Driver for Chrome initialized.
2021-12-12 02:20:51 INFO  ProtonTest:40 - submitForm() 0 test started
2021-12-12 02:21:17 INFO  ProtonTest:40 - submitForm() 1 test started
2021-12-12 02:24:03 INFO  WebDriverManager:632 - Using chromedriver 96.0.4664.45 (resolved driver for Chrome 96)
2021-12-12 02:24:03 INFO  WebDriverManager:689 - Exporting webdriver.chrome.driver as C:\Users\mukul\.cache\selenium\chromedriver\win32\96.0.4664.45\chromedriver.exe
2021-12-12 02:24:05 INFO  DriverFactory:83 - Driver for Chrome initialized.
2021-12-12 02:24:05 INFO  ProtonTest:40 - submitForm() 0 test started
2021-12-12 02:24:33 INFO  ProtonTest:40 - submitForm() 1 test started
2021-12-12 02:26:12 INFO  WebDriverManager:632 - Using chromedriver 96.0.4664.45 (resolved driver for Chrome 96)
2021-12-12 02:26:12 INFO  WebDriverManager:689 - Exporting webdriver.chrome.driver as C:\Users\mukul\.cache\selenium\chromedriver\win32\96.0.4664.45\chromedriver.exe
2021-12-12 02:26:15 INFO  DriverFactory:83 - Driver for Chrome initialized.
2021-12-12 02:26:15 INFO  ProtonTest:40 - submitForm() 0 test started
2021-12-12 02:27:22 INFO  ProtonTest:42 - submitForm() 0 test completed
2021-12-12 02:27:23 INFO  ProtonTest:40 - submitForm() 1 test started
2021-12-12 02:33:30 INFO  WebDriverManager:632 - Using chromedriver 96.0.4664.45 (resolved driver for Chrome 96)
2021-12-12 02:33:30 INFO  WebDriverManager:689 - Exporting webdriver.chrome.driver as C:\Users\mukul\.cache\selenium\chromedriver\win32\96.0.4664.45\chromedriver.exe
2021-12-12 02:33:33 INFO  DriverFactory:83 - Driver for Chrome initialized.
2021-12-12 02:33:33 INFO  ProtonTest:40 - submitForm() 0 test started
2021-12-12 02:36:31 INFO  WebDriverManager:632 - Using chromedriver 96.0.4664.45 (resolved driver for Chrome 96)
2021-12-12 02:36:31 INFO  WebDriverManager:689 - Exporting webdriver.chrome.driver as C:\Users\mukul\.cache\selenium\chromedriver\win32\96.0.4664.45\chromedriver.exe
2021-12-12 02:36:33 INFO  DriverFactory:83 - Driver for Chrome initialized.
2021-12-12 02:36:34 INFO  ProtonTest:40 - submitForm() 0 test started
2021-12-12 02:41:15 INFO  WebDriverManager:632 - Using chromedriver 96.0.4664.45 (resolved driver for Chrome 96)
2021-12-12 02:41:15 INFO  WebDriverManager:689 - Exporting webdriver.chrome.driver as C:\Users\mukul\.cache\selenium\chromedriver\win32\96.0.4664.45\chromedriver.exe
2021-12-12 02:41:17 INFO  DriverFactory:83 - Driver for Chrome initialized.
2021-12-12 02:41:18 INFO  ProtonTest:40 - submitForm() 0 test started
2021-12-12 02:43:56 INFO  WebDriverManager:632 - Using chromedriver 96.0.4664.45 (resolved driver for Chrome 96)
2021-12-12 02:43:56 INFO  WebDriverManager:689 - Exporting webdriver.chrome.driver as C:\Users\mukul\.cache\selenium\chromedriver\win32\96.0.4664.45\chromedriver.exe
2021-12-12 02:43:57 INFO  DriverFactory:83 - Driver for Chrome initialized.
2021-12-12 02:43:58 INFO  ProtonTest:40 - submitForm() 0 test started
2021-12-12 02:47:22 INFO  WebDriverManager:632 - Using chromedriver 96.0.4664.45 (resolved driver for Chrome 96)
2021-12-12 02:47:22 INFO  WebDriverManager:689 - Exporting webdriver.chrome.driver as C:\Users\mukul\.cache\selenium\chromedriver\win32\96.0.4664.45\chromedriver.exe
2021-12-12 02:47:24 INFO  DriverFactory:83 - Driver for Chrome initialized.
2021-12-12 02:47:24 INFO  ProtonTest:40 - submitForm() 0 test started
2021-12-12 02:48:45 INFO  WebDriverManager:632 - Using chromedriver 96.0.4664.45 (resolved driver for Chrome 96)
2021-12-12 02:48:45 INFO  WebDriverManager:689 - Exporting webdriver.chrome.driver as C:\Users\mukul\.cache\selenium\chromedriver\win32\96.0.4664.45\chromedriver.exe
2021-12-12 02:48:46 INFO  DriverFactory:83 - Driver for Chrome initialized.
2021-12-12 02:48:47 INFO  ProtonTest:40 - submitForm() 0 test started
2021-12-12 02:49:11 INFO  ProtonTest:42 - submitForm() 0 test completed
2021-12-12 02:51:13 INFO  WebDriverManager:632 - Using chromedriver 96.0.4664.45 (resolved driver for Chrome 96)
2021-12-12 02:51:13 INFO  WebDriverManager:689 - Exporting webdriver.chrome.driver as C:\Users\mukul\.cache\selenium\chromedriver\win32\96.0.4664.45\chromedriver.exe
2021-12-12 02:51:14 INFO  DriverFactory:83 - Driver for Chrome initialized.
2021-12-12 02:51:15 INFO  ProtonTest:40 - submitForm() 0 test started
2021-12-12 02:52:35 INFO  WebDriverManager:632 - Using chromedriver 96.0.4664.45 (resolved driver for Chrome 96)
2021-12-12 02:52:35 INFO  WebDriverManager:689 - Exporting webdriver.chrome.driver as C:\Users\mukul\.cache\selenium\chromedriver\win32\96.0.4664.45\chromedriver.exe
2021-12-12 02:52:37 INFO  DriverFactory:83 - Driver for Chrome initialized.
2021-12-12 02:52:37 INFO  ProtonTest:40 - submitForm() 0 test started
2021-12-12 02:53:42 INFO  WebDriverManager:632 - Using chromedriver 96.0.4664.45 (resolved driver for Chrome 96)
2021-12-12 02:53:42 INFO  WebDriverManager:689 - Exporting webdriver.chrome.driver as C:\Users\mukul\.cache\selenium\chromedriver\win32\96.0.4664.45\chromedriver.exe
2021-12-12 02:53:44 INFO  DriverFactory:83 - Driver for Chrome initialized.
2021-12-12 02:53:44 INFO  ProtonTest:40 - submitForm() 0 test started
2021-12-12 02:54:46 INFO  ProtonTest:42 - submitForm() 0 test completed
2022-01-09 05:45:52 INFO  WebDriverManager:632 - Using chromedriver 97.0.4692.71 (resolved driver for Chrome 97)
2022-01-09 05:45:52 INFO  WebDriverManager:689 - Exporting webdriver.chrome.driver as C:\Users\Pritee\.cache\selenium\chromedriver\win32\97.0.4692.71\chromedriver.exe
2022-01-09 05:46:07 INFO  DriverFactory:83 - Driver for Chrome initialized.
2022-01-09 05:46:13 INFO  ProtonTest:40 - submitForm() 0 test started
2022-01-09 05:47:24 INFO  ProtonTest:42 - submitForm() 0 test completed
